<?xml version="1.0" encoding="UTF-8"?>
<testsuite xmlns:xsi="http://www.w3.org/2001/XMLSchema-instance" xsi:noNamespaceSchemaLocation="https://maven.apache.org/surefire/maven-surefire-plugin/xsd/surefire-test-report-3.0.xsd" version="3.0" name="runners.TestsRunner" time="10.227" tests="1" errors="0" skipped="0" failures="0">
  <properties>
[...]
</properties>
  <testcase name="runScenario[&quot;Login to a website&quot;, &quot;Title of your feature&quot;](1)" classname="runners.TestsRunner" time="7.974">
    <system-out><![CDATA[
@tag @tag2
Scenario Outline: Login to a website                               # src/test/resources/features/Login.feature:26
Browser started
Hey user is on login page
  âœ” Given user is on login page                                    # stepDefinitions.LoginSteps.user_is_on_login_page()
  âœ” When user enters "student" and "Password123" on the login page # stepDefinitions.LoginSteps.user_enters_and_on_the_login_page(java.lang.String,java.lang.String)
  âœ” Then user clicks on submit button                              # stepDefinitions.LoginSteps.user_clicks_on_submit()
  âœ” And user redirects to homepage                                 # stepDefinitions.LoginSteps.user_on_homepage()
Browser closed
]]></system-out>
    <system-err><![CDATA[SLF4J(W): No SLF4J providers were found.
SLF4J(W): Defaulting to no-operation (NOP) logger implementation
SLF4J(W): See https://www.slf4j.org/codes.html#noProviders for further details.
]]></system-err>
  </testcase>
</testsuite>